<?xml version="1.0" encoding="UTF-8"?>
<!-- Generated by org.testng.reporters.JUnitReportReporter -->
<testsuite name="example.NewTest" tests="1" time="11.443" ignored="0" failures="0" timestamp="26 Mar 2018 10:18:33 GMT" skipped="0" hostname="EDVENSOFT-010" errors="0">
  <testcase name="testEasy" time="11.443" classname="example.NewTest"/>
</testsuite> <!-- example.NewTest -->
